
Values:
+---------+---------+---------+
| 7  9  _ | _  _  _ | _  _  3 |
| _  _  _ | _  _  _ | _  6  _ |
| 8  _  1 | _  _  4 | _  _  2 |
+---------+---------+---------+
| _  _  5 | _  _  _ | _  _  _ |
| 3  _  _ | 1  _  _ | _  _  _ |
| _  4  _ | _  _  6 | 2  _  9 |
+---------+---------+---------+
| 2  _  _ | _  3  _ | _  _  6 |
| _  3  _ | 6  _  5 | 4  2  1 |
| _  _  _ | _  _  _ | _  _  _ |
+---------+---------+---------+

Possible values:
+------------------------+------------------------+------------------------+
| 7       9       123456789  | 123456789   123456789   123456789  | 123456789   123456789   3      |
| 123456789   123456789   123456789  | 123456789   123456789   123456789  | 123456789   6       123456789  |
| 8       123456789   1      | 123456789   123456789   4      | 123456789   123456789   2      |
+------------------------+------------------------+------------------------+
| 123456789   123456789   5      | 123456789   123456789   123456789  | 123456789   123456789   123456789  |
| 3       123456789   123456789  | 1       123456789   123456789  | 123456789   123456789   123456789  |
| 123456789   4       123456789  | 123456789   123456789   6      | 2       123456789   9      |
+------------------------+------------------------+------------------------+
| 2       123456789   123456789  | 123456789   3       123456789  | 123456789   123456789   6      |
| 123456789   3       123456789  | 6       123456789   5      | 4       2       1      |
| 123456789   123456789   123456789  | 123456789   123456789   123456789  | 123456789   123456789   123456789  |
+------------------------+------------------------+------------------------+

Values:
+---------+---------+---------+
| 7  9  _ | _  _  _ | _  _  3 |
| _  _  _ | _  _  _ | _  6  _ |
| 8  _  1 | _  _  4 | _  _  2 |
+---------+---------+---------+
| _  _  5 | _  _  _ | _  _  _ |
| 3  _  _ | 1  _  _ | _  _  _ |
| 1  4  _ | _  _  6 | 2  _  9 |
+---------+---------+---------+
| 2  _  _ | _  3  _ | _  _  6 |
| 9  3  _ | 6  _  5 | 4  2  1 |
| _  _  _ | _  _  _ | _  _  _ |
+---------+---------+---------+

Possible values:
+------------------------+------------------------+------------------------+
| 7       9       246    | 258     12568   128    | 158     1458    3      |
| 45      25      234    | 235789   125789   123789  | 15789   6       4578   |
| 8       56      1      | 3579    5679    4      | 579     579     2      |
+------------------------+------------------------+------------------------+
| 169     12678   5      | 234789   24789   23789  | 13678   13478   478    |
| 3       2678    26789  | 1       245789   2789   | 5678    4578    4578   |
| 1       4       78     | 3578    578     6      | 2       3578    9      |
+------------------------+------------------------+------------------------+
| 2       1578    4789   | 4789    3       1789   | 5789    5789    6      |
| 9       3       78     | 6       78      5      | 4       2       1      |
| 456     15678   4678   | 24789   124789   12789  | 35789   35789   578    |
+------------------------+------------------------+------------------------+

Values:
+---------+---------+---------+
| 7  9  _ | _  _  _ | _  _  3 |
| _  _  _ | _  _  _ | _  6  _ |
| 8  _  1 | _  _  4 | _  _  2 |
+---------+---------+---------+
| 6  _  5 | _  _  _ | _  _  _ |
| 3  _  _ | 1  _  _ | _  _  _ |
| 1  4  _ | _  _  6 | 2  _  9 |
+---------+---------+---------+
| 2  _  _ | _  3  _ | _  _  6 |
| 9  3  _ | 6  _  5 | 4  2  1 |
| _  _  _ | _  _  _ | _  _  _ |
+---------+---------+---------+

Possible values:
+------------------------+------------------------+------------------------+
| 7       9       246    | 258     12568   128    | 158     1458    3      |
| 45      25      234    | 235789   125789   123789  | 15789   6       4578   |
| 8       56      1      | 3579    5679    4      | 579     579     2      |
+------------------------+------------------------+------------------------+
| 6       278     5      | 234789   24789   23789  | 1378    13478   478    |
| 3       278     2789   | 1       245789   2789   | 5678    4578    4578   |
| 1       4       78     | 3578    578     6      | 2       3578    9      |
+------------------------+------------------------+------------------------+
| 2       1578    478    | 4789    3       1789   | 5789    5789    6      |
| 9       3       78     | 6       78      5      | 4       2       1      |
| 45      15678   4678   | 24789   124789   12789  | 35789   35789   578    |
+------------------------+------------------------+------------------------+
